app/build/intermediates/manifest_merge_blame_file/debug/manifest-merger-blame-debug-report.txt
1<?xml version="1.0" encoding="utf-8"?>
2<manifest xmlns:android="http://schemas.android.com/apk/res/android"
3    package="com.karrel.notificationexample"
4    android:versionCode="1"
5    android:versionName="1.0" >
6
7    <uses-sdk
8        android:minSdkVersion="21"
8-->src/main/AndroidManifest.xml
9        android:targetSdkVersion="29" />
9-->src/main/AndroidManifest.xml
10
11    <uses-permission android:name="android.permission.FOREGROUND_SERVICE" />
11-->src/main/AndroidManifest.xml:6:5-77
11-->src/main/AndroidManifest.xml:6:22-74
12    <uses-permission android:name="android.permission.USE_FULL_SCREEN_INTENT" />
12-->src/main/AndroidManifest.xml:7:5-81
12-->src/main/AndroidManifest.xml:7:22-78
13
14    <application
14-->src/main/AndroidManifest.xml:9:5-31:19
15        android:allowBackup="true"
15-->src/main/AndroidManifest.xml:10:9-35
16        android:appComponentFactory="androidx.core.app.CoreComponentFactory"
16-->[androidx.core:core:1.1.0] AndroidManifest.xml:24:18-86
17        android:debuggable="true"
18        android:icon="@mipmap/ic_launcher"
18-->src/main/AndroidManifest.xml:11:9-43
19        android:label="@string/app_name"
19-->src/main/AndroidManifest.xml:12:9-41
20        android:roundIcon="@mipmap/ic_launcher_round"
20-->src/main/AndroidManifest.xml:13:9-54
21        android:supportsRtl="true"
21-->src/main/AndroidManifest.xml:14:9-35
22        android:testOnly="true"
23        android:theme="@style/AppTheme" >
23-->src/main/AndroidManifest.xml:15:9-40
24        <activity
24-->src/main/AndroidManifest.xml:17:9-21:53
25            android:name="com.karrel.notificationexample.FullscreenActivity"
25-->src/main/AndroidManifest.xml:18:13-47
26            android:configChanges="orientation|keyboardHidden|screenSize"
26-->src/main/AndroidManifest.xml:19:13-74
27            android:label="@string/title_activity_fullscreen"
27-->src/main/AndroidManifest.xml:20:13-62
28            android:theme="@style/FullscreenTheme" />
28-->src/main/AndroidManifest.xml:21:13-51
29        <activity android:name="com.karrel.notificationexample.MainActivity" >
29-->src/main/AndroidManifest.xml:22:9-28:20
29-->src/main/AndroidManifest.xml:22:19-47
30            <intent-filter>
30-->src/main/AndroidManifest.xml:23:13-27:29
31                <action android:name="android.intent.action.MAIN" />
31-->src/main/AndroidManifest.xml:24:17-69
31-->src/main/AndroidManifest.xml:24:25-66
32
33                <category android:name="android.intent.category.LAUNCHER" />
33-->src/main/AndroidManifest.xml:26:17-77
33-->src/main/AndroidManifest.xml:26:27-74
34            </intent-filter>
35        </activity>
36
37        <service android:name="com.karrel.notificationexample.NotifyService" />
37-->src/main/AndroidManifest.xml:30:9-49
37-->src/main/AndroidManifest.xml:30:18-47
38    </application>
39
40</manifest>